<?xml version="1.0" encoding="UTF-8"?>
<!-- Generated by org.testng.reporters.JUnitReportReporter -->
<testsuite skipped="0" hostname="LAPTOP-UFBE1U4J" name="Test.WikipediaTestClass" tests="2" failures="0" timestamp="2022-09-28T13:14:34 IST" time="2.247" errors="0">
  <testcase name="SearchMovieImdbTest" time="2.245" classname="Test.WikipediaTestClass"/>
  <system-out/>
  <testcase name="compare" time="0.002" classname="Test.WikipediaTestClass"/>
  <system-out/>
</testsuite> <!-- Test.WikipediaTestClass -->
