<?xml version="1.0" encoding="UTF-8"?>
<!-- Generated by org.testng.reporters.JUnitReportReporter -->
<testsuite skipped="0" hostname="LAPTOP-UFBE1U4J" name="Test.VerifyTest" tests="7" failures="0" timestamp="2022-09-28T23:33:24 IST" time="44.839" errors="0">
  <testcase name="verifyMovieCountry" time="0.037" classname="Test.VerifyTest"/>
  <system-out>
    <![CDATA[MDB country and Wikipedia country name Matched]]>
  </system-out>
  <testcase name="browserIniImdb" time="21.073" classname="Test.VerifyTest"/>
  <system-out>
    <![CDATA[IMDB Website open successfully]]>
  </system-out>
  <testcase name="IMDB" time="5.862" classname="Test.VerifyTest"/>
  <system-out>
    <![CDATA[IMDB Website searched movie read data from excel successfully done
ReleaseDate and Country Text Obtained successfully from website ]]>
  </system-out>
  <testcase name="browserIniWiki" time="15.215" classname="Test.VerifyTest"/>
  <system-out>
    <![CDATA[Wkipedia Website Open Successfully]]>
  </system-out>
  <testcase name="Wiki" time="1.916" classname="Test.VerifyTest"/>
  <system-out>
    <![CDATA[Wkipedia Searched Movie read data from excel Successfully done
Wkipedia Text for Movie release date and Country Obtained Successfully from website]]>
  </system-out>
  <testcase name="verifyReleaseDate" time="0.001" classname="Test.VerifyTest"/>
  <system-out>
    <![CDATA[IMDB Movie Release Date and Wikipedia Movie Date Matched]]>
  </system-out>
  <testcase name="browserClose" time="0.735" classname="Test.VerifyTest"/>
  <system-out>
    <![CDATA[browser close successfully]]>
  </system-out>
</testsuite> <!-- Test.VerifyTest -->
